<?xml version="1.0" encoding="UTF-8"?>
<coverage generated="1634739098416" clover="3.2.0">
  <project timestamp="1634739098416" name="All files">
    <metrics statements="71" coveredstatements="47" conditionals="58" coveredconditionals="30" methods="19" coveredmethods="11" elements="148" coveredelements="88" complexity="0" loc="71" ncloc="71" packages="3" files="6" classes="6"/>
    <package name="deliveryFeeCalculator">
      <metrics statements="13" coveredstatements="0" conditionals="11" coveredconditionals="0" methods="3" coveredmethods="0"/>
      <file name="App.js" path="/home/codefeak/Documents/JS/Wolt/deliveryFeeCalculator/App.js">
        <metrics statements="13" coveredstatements="0" conditionals="11" coveredconditionals="0" methods="3" coveredmethods="0"/>
        <line num="14" count="0" type="stmt"/>
        <line num="15" count="0" type="stmt"/>
        <line num="16" count="0" type="stmt"/>
        <line num="17" count="0" type="stmt"/>
        <line num="18" count="0" type="stmt"/>
        <line num="19" count="0" type="stmt"/>
        <line num="22" count="0" type="stmt"/>
        <line num="28" count="0" type="stmt"/>
        <line num="32" count="0" type="cond" truecount="0" falsecount="2"/>
        <line num="39" count="0" type="stmt"/>
        <line num="41" count="0" type="stmt"/>
        <line num="43" count="0" type="stmt"/>
        <line num="117" count="0" type="stmt"/>
      </file>
    </package>
    <package name="deliveryFeeCalculator.components">
      <metrics statements="23" coveredstatements="13" conditionals="20" coveredconditionals="7" methods="8" coveredmethods="3"/>
      <file name="Apphead.js" path="/home/codefeak/Documents/JS/Wolt/deliveryFeeCalculator/components/Apphead.js">
        <metrics statements="3" coveredstatements="0" conditionals="2" coveredconditionals="0" methods="2" coveredmethods="0"/>
        <line num="5" count="0" type="cond" truecount="0" falsecount="2"/>
        <line num="9" count="0" type="stmt"/>
        <line num="16" count="0" type="stmt"/>
      </file>
      <file name="DatePicker.js" path="/home/codefeak/Documents/JS/Wolt/deliveryFeeCalculator/components/DatePicker.js">
        <metrics statements="16" coveredstatements="13" conditionals="18" coveredconditionals="7" methods="4" coveredmethods="3"/>
        <line num="8" count="9" type="stmt"/>
        <line num="9" count="9" type="stmt"/>
        <line num="10" count="9" type="stmt"/>
        <line num="11" count="9" type="stmt"/>
        <line num="12" count="9" type="stmt"/>
        <line num="13" count="9" type="stmt"/>
        <line num="16" count="0" type="cond" truecount="0" falsecount="2"/>
        <line num="19" count="0" type="stmt"/>
        <line num="20" count="0" type="stmt"/>
        <line num="24" count="1" type="stmt"/>
        <line num="25" count="1" type="stmt"/>
        <line num="26" count="1" type="stmt"/>
        <line num="30" count="4" type="stmt"/>
        <line num="31" count="4" type="stmt"/>
        <line num="35" count="9" type="stmt"/>
        <line num="70" count="9" type="stmt"/>
      </file>
      <file name="TextInputComponent.js" path="/home/codefeak/Documents/JS/Wolt/deliveryFeeCalculator/components/TextInputComponent.js">
        <metrics statements="4" coveredstatements="0" conditionals="0" coveredconditionals="0" methods="2" coveredmethods="0"/>
        <line num="5" count="0" type="stmt"/>
        <line num="8" count="0" type="stmt"/>
        <line num="12" count="0" type="stmt"/>
        <line num="17" count="0" type="stmt"/>
      </file>
    </package>
    <package name="deliveryFeeCalculator.utils">
      <metrics statements="35" coveredstatements="34" conditionals="27" coveredconditionals="23" methods="8" coveredmethods="8"/>
      <file name="calculation.js" path="/home/codefeak/Documents/JS/Wolt/deliveryFeeCalculator/utils/calculation.js">
        <metrics statements="32" coveredstatements="31" conditionals="23" coveredconditionals="20" methods="7" coveredmethods="7"/>
        <line num="4" count="4" type="stmt"/>
        <line num="6" count="4" type="stmt"/>
        <line num="8" count="4" type="cond" truecount="2" falsecount="0"/>
        <line num="9" count="1" type="stmt"/>
        <line num="12" count="3" type="cond" truecount="2" falsecount="0"/>
        <line num="13" count="2" type="cond" truecount="1" falsecount="1"/>
        <line num="15" count="1" type="cond" truecount="1" falsecount="1"/>
        <line num="16" count="1" type="stmt"/>
        <line num="17" count="1" type="stmt"/>
        <line num="18" count="1" type="cond" truecount="1" falsecount="1"/>
        <line num="19" count="1" type="stmt"/>
        <line num="21" count="0" type="stmt"/>
        <line num="27" count="201" type="cond" truecount="2" falsecount="0"/>
        <line num="28" count="2" type="stmt"/>
        <line num="30" count="199" type="stmt"/>
        <line num="34" count="6" type="cond" truecount="2" falsecount="0"/>
        <line num="35" count="2" type="stmt"/>
        <line num="36" count="2" type="stmt"/>
        <line num="38" count="4" type="stmt"/>
        <line num="42" count="7" type="cond" truecount="2" falsecount="0"/>
        <line num="43" count="1" type="stmt"/>
        <line num="44" count="1" type="stmt"/>
        <line num="46" count="6" type="stmt"/>
        <line num="50" count="5" type="stmt"/>
        <line num="51" count="5" type="cond" truecount="2" falsecount="0"/>
        <line num="55" count="5" type="stmt"/>
        <line num="56" count="5" type="stmt"/>
        <line num="57" count="5" type="stmt"/>
        <line num="58" count="5" type="cond" truecount="5" falsecount="0"/>
        <line num="59" count="2" type="stmt"/>
        <line num="61" count="3" type="stmt"/>
        <line num="65" count="2" type="stmt"/>
      </file>
      <file name="date.js" path="/home/codefeak/Documents/JS/Wolt/deliveryFeeCalculator/utils/date.js">
        <metrics statements="3" coveredstatements="3" conditionals="4" coveredconditionals="3" methods="1" coveredmethods="1"/>
        <line num="4" count="2" type="cond" truecount="3" falsecount="1"/>
        <line num="5" count="2" type="stmt"/>
        <line num="9" count="2" type="stmt"/>
      </file>
    </package>
  </project>
</coverage>
