<?xml version="1.0" encoding="UTF-8"?>
<coverage generated="1634892944729" clover="3.2.0">
  <project timestamp="1634892944729" name="All files">
    <metrics statements="73" coveredstatements="66" conditionals="56" coveredconditionals="37" methods="19" coveredmethods="17" elements="148" coveredelements="120" complexity="0" loc="73" ncloc="73" packages="3" files="7" classes="7"/>
    <package name="deliveryFeeCalculator">
      <metrics statements="2" coveredstatements="2" conditionals="0" coveredconditionals="0" methods="1" coveredmethods="1"/>
      <file name="App.js" path="/home/codefeak/Documents/JS/Wolt/deliveryFeeCalculator/App.js">
        <metrics statements="2" coveredstatements="2" conditionals="0" coveredconditionals="0" methods="1" coveredmethods="1"/>
        <line num="8" count="1" type="stmt"/>
        <line num="17" count="2" type="stmt"/>
      </file>
    </package>
    <package name="deliveryFeeCalculator.src.components">
      <metrics statements="36" coveredstatements="30" conditionals="29" coveredconditionals="14" methods="10" coveredmethods="8"/>
      <file name="Apphead.js" path="/home/codefeak/Documents/JS/Wolt/deliveryFeeCalculator/src/components/Apphead.js">
        <metrics statements="3" coveredstatements="3" conditionals="2" coveredconditionals="1" methods="1" coveredmethods="1"/>
        <line num="5" count="3" type="cond" truecount="1" falsecount="1"/>
        <line num="9" count="2" type="stmt"/>
        <line num="16" count="2" type="stmt"/>
      </file>
      <file name="DatePicker.js" path="/home/codefeak/Documents/JS/Wolt/deliveryFeeCalculator/src/components/DatePicker.js">
        <metrics statements="16" coveredstatements="13" conditionals="16" coveredconditionals="9" methods="4" coveredmethods="3"/>
        <line num="8" count="13" type="stmt"/>
        <line num="9" count="13" type="stmt"/>
        <line num="10" count="13" type="stmt"/>
        <line num="11" count="13" type="stmt"/>
        <line num="12" count="13" type="stmt"/>
        <line num="13" count="13" type="stmt"/>
        <line num="16" count="0" type="cond" truecount="0" falsecount="2"/>
        <line num="19" count="0" type="stmt"/>
        <line num="20" count="0" type="stmt"/>
        <line num="24" count="1" type="stmt"/>
        <line num="25" count="1" type="stmt"/>
        <line num="26" count="1" type="stmt"/>
        <line num="30" count="4" type="stmt"/>
        <line num="31" count="4" type="stmt"/>
        <line num="35" count="13" type="stmt"/>
        <line num="69" count="13" type="stmt"/>
      </file>
      <file name="Main.js" path="/home/codefeak/Documents/JS/Wolt/deliveryFeeCalculator/src/components/Main.js">
        <metrics statements="13" coveredstatements="10" conditionals="11" coveredconditionals="4" methods="3" coveredmethods="2"/>
        <line num="13" count="2" type="stmt"/>
        <line num="14" count="2" type="stmt"/>
        <line num="15" count="2" type="stmt"/>
        <line num="16" count="2" type="stmt"/>
        <line num="17" count="2" type="stmt"/>
        <line num="18" count="2" type="stmt"/>
        <line num="21" count="0" type="stmt"/>
        <line num="27" count="0" type="stmt"/>
        <line num="31" count="2" type="cond" truecount="1" falsecount="1"/>
        <line num="38" count="2" type="stmt"/>
        <line num="40" count="0" type="stmt"/>
        <line num="42" count="2" type="stmt"/>
        <line num="118" count="3" type="stmt"/>
      </file>
      <file name="TextInputComponent.js" path="/home/codefeak/Documents/JS/Wolt/deliveryFeeCalculator/src/components/TextInputComponent.js">
        <metrics statements="4" coveredstatements="4" conditionals="0" coveredconditionals="0" methods="2" coveredmethods="2"/>
        <line num="6" count="8" type="stmt"/>
        <line num="9" count="8" type="stmt"/>
        <line num="14" count="1" type="stmt"/>
        <line num="19" count="8" type="stmt"/>
      </file>
    </package>
    <package name="deliveryFeeCalculator.src.utils">
      <metrics statements="35" coveredstatements="34" conditionals="27" coveredconditionals="23" methods="8" coveredmethods="8"/>
      <file name="calculation.js" path="/home/codefeak/Documents/JS/Wolt/deliveryFeeCalculator/src/utils/calculation.js">
        <metrics statements="32" coveredstatements="31" conditionals="23" coveredconditionals="20" methods="7" coveredmethods="7"/>
        <line num="4" count="4" type="stmt"/>
        <line num="6" count="4" type="stmt"/>
        <line num="8" count="4" type="cond" truecount="2" falsecount="0"/>
        <line num="9" count="1" type="stmt"/>
        <line num="12" count="3" type="cond" truecount="2" falsecount="0"/>
        <line num="13" count="2" type="cond" truecount="1" falsecount="1"/>
        <line num="15" count="1" type="cond" truecount="1" falsecount="1"/>
        <line num="16" count="1" type="stmt"/>
        <line num="17" count="1" type="stmt"/>
        <line num="18" count="1" type="cond" truecount="1" falsecount="1"/>
        <line num="19" count="1" type="stmt"/>
        <line num="21" count="0" type="stmt"/>
        <line num="27" count="201" type="cond" truecount="2" falsecount="0"/>
        <line num="28" count="2" type="stmt"/>
        <line num="30" count="199" type="stmt"/>
        <line num="34" count="6" type="cond" truecount="2" falsecount="0"/>
        <line num="35" count="2" type="stmt"/>
        <line num="36" count="2" type="stmt"/>
        <line num="38" count="4" type="stmt"/>
        <line num="42" count="7" type="cond" truecount="2" falsecount="0"/>
        <line num="43" count="1" type="stmt"/>
        <line num="44" count="1" type="stmt"/>
        <line num="46" count="6" type="stmt"/>
        <line num="50" count="5" type="stmt"/>
        <line num="51" count="5" type="cond" truecount="2" falsecount="0"/>
        <line num="55" count="5" type="stmt"/>
        <line num="56" count="5" type="stmt"/>
        <line num="57" count="5" type="stmt"/>
        <line num="58" count="5" type="cond" truecount="5" falsecount="0"/>
        <line num="59" count="2" type="stmt"/>
        <line num="61" count="3" type="stmt"/>
        <line num="65" count="2" type="stmt"/>
      </file>
      <file name="date.js" path="/home/codefeak/Documents/JS/Wolt/deliveryFeeCalculator/src/utils/date.js">
        <metrics statements="3" coveredstatements="3" conditionals="4" coveredconditionals="3" methods="1" coveredmethods="1"/>
        <line num="4" count="2" type="cond" truecount="3" falsecount="1"/>
        <line num="5" count="2" type="stmt"/>
        <line num="9" count="2" type="stmt"/>
      </file>
    </package>
  </project>
</coverage>
