{"/home/codefeak/Documents/JS/Wolt/deliveryFeeCalculator/App.js": {"path":"/home/codefeak/Documents/JS/Wolt/deliveryFeeCalculator/App.js","statementMap":{"0":{"start":{"line":8,"column":1},"end":{"line":14,"column":3}},"1":{"start":{"line":17,"column":15},"end":{"line":22,"column":2}}},"fnMap":{"0":{"name":"App","decl":{"start":{"line":7,"column":24},"end":{"line":7,"column":27}},"loc":{"start":{"line":7,"column":30},"end":{"line":15,"column":1}},"line":7}},"branchMap":{},"s":{"0":1,"1":2},"f":{"0":1},"b":{},"_coverageSchema":"1a1c01bbd47fc00a2c39e90264f33305004495a9","hash":"0f5d185ad04df89b1bf4a5cf868b758f1bac0cf5"}
,"/home/codefeak/Documents/JS/Wolt/deliveryFeeCalculator/src/components/Apphead.js": {"path":"/home/codefeak/Documents/JS/Wolt/deliveryFeeCalculator/src/components/Apphead.js","statementMap":{"0":{"start":{"line":5,"column":18},"end":{"line":5,"column":77}},"1":{"start":{"line":9,"column":2},"end":{"line":13,"column":9}},"2":{"start":{"line":16,"column":1},"end":{"line":18,"column":3}}},"fnMap":{"0":{"name":"Apphead","decl":{"start":{"line":7,"column":24},"end":{"line":7,"column":31}},"loc":{"start":{"line":7,"column":34},"end":{"line":19,"column":1}},"line":7}},"branchMap":{"0":{"loc":{"start":{"line":5,"column":18},"end":{"line":5,"column":77}},"type":"cond-expr","locations":[{"start":{"line":5,"column":42},"end":{"line":5,"column":59}},{"start":{"line":5,"column":62},"end":{"line":5,"column":77}}],"line":5}},"s":{"0":3,"1":2,"2":2},"f":{"0":2},"b":{"0":[3,0]},"_coverageSchema":"1a1c01bbd47fc00a2c39e90264f33305004495a9","hash":"039527d450e806853690471cd23c588e2548a860"}
,"/home/codefeak/Documents/JS/Wolt/deliveryFeeCalculator/src/components/DatePicker.js": {"path":"/home/codefeak/Documents/JS/Wolt/deliveryFeeCalculator/src/components/DatePicker.js","statementMap":{"0":{"start":{"line":8,"column":51},"end":{"line":8,"column":56}},"1":{"start":{"line":9,"column":39},"end":{"line":9,"column":59}},"2":{"start":{"line":10,"column":41},"end":{"line":10,"column":55}},"3":{"start":{"line":11,"column":41},"end":{"line":11,"column":55}},"4":{"start":{"line":12,"column":25},"end":{"line":12,"column":40}},"5":{"start":{"line":13,"column":31},"end":{"line":13,"column":46}},"6":{"start":{"line":16,"column":2},"end":{"line":18,"column":45}},"7":{"start":{"line":19,"column":2},"end":{"line":19,"column":15}},"8":{"start":{"line":20,"column":2},"end":{"line":20,"column":22}},"9":{"start":{"line":24,"column":2},"end":{"line":24,"column":23}},"10":{"start":{"line":25,"column":2},"end":{"line":25,"column":17}},"11":{"start":{"line":26,"column":2},"end":{"line":26,"column":20}},"12":{"start":{"line":30,"column":2},"end":{"line":30,"column":16}},"13":{"start":{"line":31,"column":2},"end":{"line":31,"column":19}},"14":{"start":{"line":35,"column":2},"end":{"line":66,"column":9}},"15":{"start":{"line":69,"column":1},"end":{"line":69,"column":25}}},"fnMap":{"0":{"name":"DatePicker","decl":{"start":{"line":7,"column":24},"end":{"line":7,"column":34}},"loc":{"start":{"line":7,"column":42},"end":{"line":70,"column":1}},"line":7},"1":{"name":"onChange","decl":{"start":{"line":15,"column":10},"end":{"line":15,"column":18}},"loc":{"start":{"line":15,"column":31},"end":{"line":21,"column":2}},"line":15},"2":{"name":"onPressOK","decl":{"start":{"line":23,"column":10},"end":{"line":23,"column":19}},"loc":{"start":{"line":23,"column":22},"end":{"line":27,"column":2}},"line":23},"3":{"name":"showDatePicker","decl":{"start":{"line":29,"column":10},"end":{"line":29,"column":24}},"loc":{"start":{"line":29,"column":27},"end":{"line":32,"column":2}},"line":29}},"branchMap":{"0":{"loc":{"start":{"line":16,"column":2},"end":{"line":18,"column":44}},"type":"cond-expr","locations":[{"start":{"line":17,"column":5},"end":{"line":17,"column":25}},{"start":{"line":18,"column":5},"end":{"line":18,"column":44}}],"line":16},"1":{"loc":{"start":{"line":18,"column":5},"end":{"line":18,"column":44}},"type":"binary-expr","locations":[{"start":{"line":18,"column":5},"end":{"line":18,"column":20}},{"start":{"line":18,"column":24},"end":{"line":18,"column":44}}],"line":18},"2":{"loc":{"start":{"line":42,"column":5},"end":{"line":48,"column":49}},"type":"cond-expr","locations":[{"start":{"line":43,"column":7},"end":{"line":45,"column":50}},{"start":{"line":46,"column":7},"end":{"line":48,"column":49}}],"line":42},"3":{"loc":{"start":{"line":43,"column":7},"end":{"line":45,"column":50}},"type":"cond-expr","locations":[{"start":{"line":44,"column":8},"end":{"line":44,"column":21}},{"start":{"line":45,"column":8},"end":{"line":45,"column":50}}],"line":43},"4":{"loc":{"start":{"line":46,"column":7},"end":{"line":48,"column":49}},"type":"cond-expr","locations":[{"start":{"line":47,"column":7},"end":{"line":47,"column":20}},{"start":{"line":48,"column":7},"end":{"line":48,"column":49}}],"line":46},"5":{"loc":{"start":{"line":46,"column":7},"end":{"line":46,"column":46}},"type":"binary-expr","locations":[{"start":{"line":46,"column":7},"end":{"line":46,"column":22}},{"start":{"line":46,"column":26},"end":{"line":46,"column":46}}],"line":46},"6":{"loc":{"start":{"line":51,"column":4},"end":{"line":65,"column":4}},"type":"binary-expr","locations":[{"start":{"line":51,"column":4},"end":{"line":51,"column":8}},{"start":{"line":52,"column":4},"end":{"line":64,"column":11}}],"line":51},"7":{"loc":{"start":{"line":54,"column":13},"end":{"line":54,"column":69}},"type":"cond-expr","locations":[{"start":{"line":54,"column":41},"end":{"line":54,"column":51}},{"start":{"line":54,"column":54},"end":{"line":54,"column":69}}],"line":54}},"s":{"0":13,"1":13,"2":13,"3":13,"4":13,"5":13,"6":0,"7":0,"8":0,"9":1,"10":1,"11":1,"12":4,"13":4,"14":13,"15":13},"f":{"0":13,"1":0,"2":1,"3":4},"b":{"0":[0,0],"1":[0,0],"2":[11,2],"3":[0,11],"4":[0,2],"5":[2,2],"6":[13,4],"7":[0,4]},"_coverageSchema":"1a1c01bbd47fc00a2c39e90264f33305004495a9","hash":"199a78f4c899de1ae9ce1a0f7c1fb79499fe7abe"}
,"/home/codefeak/Documents/JS/Wolt/deliveryFeeCalculator/src/components/Main.js": {"path":"/home/codefeak/Documents/JS/Wolt/deliveryFeeCalculator/src/components/Main.js","statementMap":{"0":{"start":{"line":13,"column":35},"end":{"line":13,"column":47}},"1":{"start":{"line":14,"column":49},"end":{"line":14,"column":61}},"2":{"start":{"line":15,"column":29},"end":{"line":15,"column":41}},"3":{"start":{"line":16,"column":25},"end":{"line":16,"column":48}},"4":{"start":{"line":17,"column":25},"end":{"line":17,"column":48}},"5":{"start":{"line":18,"column":37},"end":{"line":18,"column":48}},"6":{"start":{"line":21,"column":17},"end":{"line":26,"column":4}},"7":{"start":{"line":27,"column":2},"end":{"line":27,"column":24}},"8":{"start":{"line":31,"column":2},"end":{"line":39,"column":3}},"9":{"start":{"line":38,"column":3},"end":{"line":38,"column":15}},"10":{"start":{"line":40,"column":2},"end":{"line":40,"column":15}},"11":{"start":{"line":42,"column":1},"end":{"line":115,"column":3}},"12":{"start":{"line":118,"column":15},"end":{"line":147,"column":2}}},"fnMap":{"0":{"name":"Main","decl":{"start":{"line":12,"column":24},"end":{"line":12,"column":28}},"loc":{"start":{"line":12,"column":31},"end":{"line":116,"column":1}},"line":12},"1":{"name":"onBtnPress","decl":{"start":{"line":20,"column":10},"end":{"line":20,"column":20}},"loc":{"start":{"line":20,"column":23},"end":{"line":28,"column":2}},"line":20},"2":{"name":"btnDisable","decl":{"start":{"line":30,"column":10},"end":{"line":30,"column":20}},"loc":{"start":{"line":30,"column":23},"end":{"line":41,"column":2}},"line":30}},"branchMap":{"0":{"loc":{"start":{"line":31,"column":2},"end":{"line":39,"column":3}},"type":"if","locations":[{"start":{"line":31,"column":2},"end":{"line":39,"column":3}},{"start":{},"end":{}}],"line":31},"1":{"loc":{"start":{"line":32,"column":3},"end":{"line":36,"column":25}},"type":"binary-expr","locations":[{"start":{"line":32,"column":3},"end":{"line":32,"column":19}},{"start":{"line":33,"column":3},"end":{"line":33,"column":26}},{"start":{"line":34,"column":3},"end":{"line":34,"column":16}},{"start":{"line":35,"column":3},"end":{"line":35,"column":25}},{"start":{"line":36,"column":3},"end":{"line":36,"column":25}}],"line":32},"2":{"loc":{"start":{"line":83,"column":13},"end":{"line":83,"column":57}},"type":"cond-expr","locations":[{"start":{"line":83,"column":38},"end":{"line":83,"column":42}},{"start":{"line":83,"column":45},"end":{"line":83,"column":57}}],"line":83},"3":{"loc":{"start":{"line":93,"column":13},"end":{"line":93,"column":57}},"type":"cond-expr","locations":[{"start":{"line":93,"column":38},"end":{"line":93,"column":42}},{"start":{"line":93,"column":45},"end":{"line":93,"column":57}}],"line":93}},"s":{"0":2,"1":2,"2":2,"3":2,"4":2,"5":2,"6":0,"7":0,"8":2,"9":2,"10":0,"11":2,"12":3},"f":{"0":2,"1":0,"2":2},"b":{"0":[2,0],"1":[2,0,0,0,0],"2":[2,0],"3":[2,0]},"_coverageSchema":"1a1c01bbd47fc00a2c39e90264f33305004495a9","hash":"e6db0a6a52580277df9b26b95df882382ccb9af0"}
,"/home/codefeak/Documents/JS/Wolt/deliveryFeeCalculator/src/components/TextInputComponent.js": {"path":"/home/codefeak/Documents/JS/Wolt/deliveryFeeCalculator/src/components/TextInputComponent.js","statementMap":{"0":{"start":{"line":6,"column":75},"end":{"line":6,"column":80}},"1":{"start":{"line":9,"column":2},"end":{"line":16,"column":4}},"2":{"start":{"line":14,"column":27},"end":{"line":14,"column":40}},"3":{"start":{"line":19,"column":1},"end":{"line":21,"column":3}}},"fnMap":{"0":{"name":"TextInputComponent","decl":{"start":{"line":5,"column":24},"end":{"line":5,"column":42}},"loc":{"start":{"line":5,"column":50},"end":{"line":22,"column":1}},"line":5},"1":{"name":"(anonymous_1)","decl":{"start":{"line":14,"column":17},"end":{"line":14,"column":18}},"loc":{"start":{"line":14,"column":27},"end":{"line":14,"column":40}},"line":14}},"branchMap":{},"s":{"0":8,"1":8,"2":1,"3":8},"f":{"0":8,"1":1},"b":{},"_coverageSchema":"1a1c01bbd47fc00a2c39e90264f33305004495a9","hash":"7a9c45259d55de76bd8df6ce3f25625facab2e74"}
,"/home/codefeak/Documents/JS/Wolt/deliveryFeeCalculator/src/utils/calculation.js": {"path":"/home/codefeak/Documents/JS/Wolt/deliveryFeeCalculator/src/utils/calculation.js","statementMap":{"0":{"start":{"line":4,"column":23},"end":{"line":4,"column":42}},"1":{"start":{"line":6,"column":15},"end":{"line":6,"column":16}},"2":{"start":{"line":8,"column":1},"end":{"line":10,"column":2}},"3":{"start":{"line":9,"column":2},"end":{"line":9,"column":11}},"4":{"start":{"line":12,"column":1},"end":{"line":14,"column":2}},"5":{"start":{"line":13,"column":2},"end":{"line":13,"column":126}},"6":{"start":{"line":15,"column":1},"end":{"line":22,"column":2}},"7":{"start":{"line":16,"column":28},"end":{"line":16,"column":65}},"8":{"start":{"line":17,"column":31},"end":{"line":17,"column":94}},"9":{"start":{"line":18,"column":2},"end":{"line":20,"column":3}},"10":{"start":{"line":19,"column":3},"end":{"line":19,"column":13}},"11":{"start":{"line":21,"column":2},"end":{"line":21,"column":30}},"12":{"start":{"line":27,"column":4},"end":{"line":29,"column":5}},"13":{"start":{"line":28,"column":8},"end":{"line":28,"column":21}},"14":{"start":{"line":30,"column":4},"end":{"line":30,"column":41}},"15":{"start":{"line":34,"column":4},"end":{"line":37,"column":5}},"16":{"start":{"line":35,"column":26},"end":{"line":35,"column":44}},"17":{"start":{"line":36,"column":8},"end":{"line":36,"column":25}},"18":{"start":{"line":38,"column":4},"end":{"line":38,"column":13}},"19":{"start":{"line":42,"column":4},"end":{"line":45,"column":5}},"20":{"start":{"line":43,"column":25},"end":{"line":43,"column":39}},"21":{"start":{"line":44,"column":8},"end":{"line":44,"column":24}},"22":{"start":{"line":46,"column":4},"end":{"line":46,"column":13}},"23":{"start":{"line":50,"column":31},"end":{"line":50,"column":94}},"24":{"start":{"line":51,"column":4},"end":{"line":51,"column":83}},"25":{"start":{"line":55,"column":20},"end":{"line":55,"column":52}},"26":{"start":{"line":56,"column":20},"end":{"line":56,"column":35}},"27":{"start":{"line":57,"column":19},"end":{"line":57,"column":32}},"28":{"start":{"line":58,"column":4},"end":{"line":60,"column":5}},"29":{"start":{"line":59,"column":8},"end":{"line":59,"column":20}},"30":{"start":{"line":61,"column":4},"end":{"line":61,"column":17}},"31":{"start":{"line":65,"column":4},"end":{"line":65,"column":21}}},"fnMap":{"0":{"name":"calculate","decl":{"start":{"line":3,"column":16},"end":{"line":3,"column":25}},"loc":{"start":{"line":3,"column":65},"end":{"line":24,"column":1}},"line":3},"1":{"name":"checkDistance","decl":{"start":{"line":26,"column":16},"end":{"line":26,"column":29}},"loc":{"start":{"line":26,"column":36},"end":{"line":31,"column":1}},"line":26},"2":{"name":"exceedItemSurcharge","decl":{"start":{"line":33,"column":16},"end":{"line":33,"column":35}},"loc":{"start":{"line":33,"column":44},"end":{"line":39,"column":1}},"line":33},"3":{"name":"withValueSurcharge","decl":{"start":{"line":41,"column":16},"end":{"line":41,"column":34}},"loc":{"start":{"line":41,"column":46},"end":{"line":47,"column":1}},"line":41},"4":{"name":"addSurcharges","decl":{"start":{"line":49,"column":16},"end":{"line":49,"column":29}},"loc":{"start":{"line":49,"column":64},"end":{"line":52,"column":1}},"line":49},"5":{"name":"checkRushHour","decl":{"start":{"line":54,"column":16},"end":{"line":54,"column":29}},"loc":{"start":{"line":54,"column":36},"end":{"line":62,"column":1}},"line":54},"6":{"name":"rushHourSurcharge","decl":{"start":{"line":64,"column":16},"end":{"line":64,"column":33}},"loc":{"start":{"line":64,"column":39},"end":{"line":66,"column":1}},"line":64}},"branchMap":{"0":{"loc":{"start":{"line":8,"column":1},"end":{"line":10,"column":2}},"type":"if","locations":[{"start":{"line":8,"column":1},"end":{"line":10,"column":2}},{"start":{},"end":{}}],"line":8},"1":{"loc":{"start":{"line":12,"column":1},"end":{"line":14,"column":2}},"type":"if","locations":[{"start":{"line":12,"column":1},"end":{"line":14,"column":2}},{"start":{},"end":{}}],"line":12},"2":{"loc":{"start":{"line":13,"column":9},"end":{"line":13,"column":125}},"type":"cond-expr","locations":[{"start":{"line":13,"column":69},"end":{"line":13,"column":71}},{"start":{"line":13,"column":74},"end":{"line":13,"column":125}}],"line":13},"3":{"loc":{"start":{"line":15,"column":1},"end":{"line":22,"column":2}},"type":"if","locations":[{"start":{"line":15,"column":1},"end":{"line":22,"column":2}},{"start":{},"end":{}}],"line":15},"4":{"loc":{"start":{"line":18,"column":2},"end":{"line":20,"column":3}},"type":"if","locations":[{"start":{"line":18,"column":2},"end":{"line":20,"column":3}},{"start":{},"end":{}}],"line":18},"5":{"loc":{"start":{"line":27,"column":4},"end":{"line":29,"column":5}},"type":"if","locations":[{"start":{"line":27,"column":4},"end":{"line":29,"column":5}},{"start":{},"end":{}}],"line":27},"6":{"loc":{"start":{"line":34,"column":4},"end":{"line":37,"column":5}},"type":"if","locations":[{"start":{"line":34,"column":4},"end":{"line":37,"column":5}},{"start":{},"end":{}}],"line":34},"7":{"loc":{"start":{"line":42,"column":4},"end":{"line":45,"column":5}},"type":"if","locations":[{"start":{"line":42,"column":4},"end":{"line":45,"column":5}},{"start":{},"end":{}}],"line":42},"8":{"loc":{"start":{"line":51,"column":11},"end":{"line":51,"column":82}},"type":"cond-expr","locations":[{"start":{"line":51,"column":24},"end":{"line":51,"column":61}},{"start":{"line":51,"column":64},"end":{"line":51,"column":82}}],"line":51},"9":{"loc":{"start":{"line":58,"column":4},"end":{"line":60,"column":5}},"type":"if","locations":[{"start":{"line":58,"column":4},"end":{"line":60,"column":5}},{"start":{},"end":{}}],"line":58},"10":{"loc":{"start":{"line":58,"column":8},"end":{"line":58,"column":52}},"type":"binary-expr","locations":[{"start":{"line":58,"column":8},"end":{"line":58,"column":20}},{"start":{"line":58,"column":24},"end":{"line":58,"column":37}},{"start":{"line":58,"column":41},"end":{"line":58,"column":52}}],"line":58}},"s":{"0":4,"1":4,"2":4,"3":1,"4":3,"5":2,"6":1,"7":1,"8":1,"9":1,"10":1,"11":0,"12":201,"13":2,"14":199,"15":6,"16":2,"17":2,"18":4,"19":7,"20":1,"21":1,"22":6,"23":5,"24":5,"25":5,"26":5,"27":5,"28":5,"29":2,"30":3,"31":2},"f":{"0":4,"1":201,"2":6,"3":7,"4":5,"5":5,"6":2},"b":{"0":[1,3],"1":[2,1],"2":[0,2],"3":[1,0],"4":[1,0],"5":[2,199],"6":[2,4],"7":[1,6],"8":[2,3],"9":[2,3],"10":[5,5,2]},"_coverageSchema":"1a1c01bbd47fc00a2c39e90264f33305004495a9","hash":"6567171d07934f11f7f362a6967714dbb474cb6a"}
,"/home/codefeak/Documents/JS/Wolt/deliveryFeeCalculator/src/utils/date.js": {"path":"/home/codefeak/Documents/JS/Wolt/deliveryFeeCalculator/src/utils/date.js","statementMap":{"0":{"start":{"line":4,"column":1},"end":{"line":10,"column":2}},"1":{"start":{"line":5,"column":18},"end":{"line":7,"column":62}},"2":{"start":{"line":9,"column":2},"end":{"line":9,"column":25}}},"fnMap":{"0":{"name":"formatDateTime","decl":{"start":{"line":3,"column":16},"end":{"line":3,"column":30}},"loc":{"start":{"line":3,"column":43},"end":{"line":11,"column":1}},"line":3}},"branchMap":{"0":{"loc":{"start":{"line":4,"column":1},"end":{"line":10,"column":2}},"type":"if","locations":[{"start":{"line":4,"column":1},"end":{"line":10,"column":2}},{"start":{},"end":{}}],"line":4},"1":{"loc":{"start":{"line":4,"column":5},"end":{"line":4,"column":45}},"type":"binary-expr","locations":[{"start":{"line":4,"column":5},"end":{"line":4,"column":23}},{"start":{"line":4,"column":27},"end":{"line":4,"column":45}}],"line":4}},"s":{"0":2,"1":2,"2":2},"f":{"0":2},"b":{"0":[2,0],"1":[2,2]},"_coverageSchema":"1a1c01bbd47fc00a2c39e90264f33305004495a9","hash":"174c384117cc51035ce7ffa3689ec0fe90c347ff"}
}
