TN:
SF:App.js
FN:7,App
FNF:1
FNH:1
FNDA:1,App
DA:8,1
DA:17,2
LF:2
LH:2
BRF:0
BRH:0
end_of_record
TN:
SF:src/components/Apphead.js
FN:7,Apphead
FNF:1
FNH:1
FNDA:2,Apphead
DA:5,3
DA:9,2
DA:16,2
LF:3
LH:3
BRDA:5,0,0,3
BRDA:5,0,1,0
BRF:2
BRH:1
end_of_record
TN:
SF:src/components/DatePicker.js
FN:7,DatePicker
FN:15,onChange
FN:23,onPressOK
FN:29,showDatePicker
FNF:4
FNH:3
FNDA:13,DatePicker
FNDA:0,onChange
FNDA:1,onPressOK
FNDA:4,showDatePicker
DA:8,13
DA:9,13
DA:10,13
DA:11,13
DA:12,13
DA:13,13
DA:16,0
DA:19,0
DA:20,0
DA:24,1
DA:25,1
DA:26,1
DA:30,4
DA:31,4
DA:35,13
DA:69,13
LF:16
LH:13
BRDA:16,0,0,0
BRDA:16,0,1,0
BRDA:18,1,0,0
BRDA:18,1,1,0
BRDA:42,2,0,11
BRDA:42,2,1,2
BRDA:43,3,0,0
BRDA:43,3,1,11
BRDA:46,4,0,0
BRDA:46,4,1,2
BRDA:46,5,0,2
BRDA:46,5,1,2
BRDA:51,6,0,13
BRDA:51,6,1,4
BRDA:54,7,0,0
BRDA:54,7,1,4
BRF:16
BRH:9
end_of_record
TN:
SF:src/components/Main.js
FN:12,Main
FN:20,onBtnPress
FN:30,btnDisable
FNF:3
FNH:2
FNDA:2,Main
FNDA:0,onBtnPress
FNDA:2,btnDisable
DA:13,2
DA:14,2
DA:15,2
DA:16,2
DA:17,2
DA:18,2
DA:21,0
DA:27,0
DA:31,2
DA:38,2
DA:40,0
DA:42,2
DA:118,3
LF:13
LH:10
BRDA:31,0,0,2
BRDA:31,0,1,0
BRDA:32,1,0,2
BRDA:32,1,1,0
BRDA:32,1,2,0
BRDA:32,1,3,0
BRDA:32,1,4,0
BRDA:83,2,0,2
BRDA:83,2,1,0
BRDA:93,3,0,2
BRDA:93,3,1,0
BRF:11
BRH:4
end_of_record
TN:
SF:src/components/TextInputComponent.js
FN:5,TextInputComponent
FN:14,(anonymous_1)
FNF:2
FNH:2
FNDA:8,TextInputComponent
FNDA:1,(anonymous_1)
DA:6,8
DA:9,8
DA:14,1
DA:19,8
LF:4
LH:4
BRF:0
BRH:0
end_of_record
TN:
SF:src/utils/calculation.js
FN:3,calculate
FN:26,checkDistance
FN:33,exceedItemSurcharge
FN:41,withValueSurcharge
FN:49,addSurcharges
FN:54,checkRushHour
FN:64,rushHourSurcharge
FNF:7
FNH:7
FNDA:4,calculate
FNDA:201,checkDistance
FNDA:6,exceedItemSurcharge
FNDA:7,withValueSurcharge
FNDA:5,addSurcharges
FNDA:5,checkRushHour
FNDA:2,rushHourSurcharge
DA:4,4
DA:6,4
DA:8,4
DA:9,1
DA:12,3
DA:13,2
DA:15,1
DA:16,1
DA:17,1
DA:18,1
DA:19,1
DA:21,0
DA:27,201
DA:28,2
DA:30,199
DA:34,6
DA:35,2
DA:36,2
DA:38,4
DA:42,7
DA:43,1
DA:44,1
DA:46,6
DA:50,5
DA:51,5
DA:55,5
DA:56,5
DA:57,5
DA:58,5
DA:59,2
DA:61,3
DA:65,2
LF:32
LH:31
BRDA:8,0,0,1
BRDA:8,0,1,3
BRDA:12,1,0,2
BRDA:12,1,1,1
BRDA:13,2,0,0
BRDA:13,2,1,2
BRDA:15,3,0,1
BRDA:15,3,1,0
BRDA:18,4,0,1
BRDA:18,4,1,0
BRDA:27,5,0,2
BRDA:27,5,1,199
BRDA:34,6,0,2
BRDA:34,6,1,4
BRDA:42,7,0,1
BRDA:42,7,1,6
BRDA:51,8,0,2
BRDA:51,8,1,3
BRDA:58,9,0,2
BRDA:58,9,1,3
BRDA:58,10,0,5
BRDA:58,10,1,5
BRDA:58,10,2,2
BRF:23
BRH:20
end_of_record
TN:
SF:src/utils/date.js
FN:3,formatDateTime
FNF:1
FNH:1
FNDA:2,formatDateTime
DA:4,2
DA:5,2
DA:9,2
LF:3
LH:3
BRDA:4,0,0,2
BRDA:4,0,1,0
BRDA:4,1,0,2
BRDA:4,1,1,2
BRF:4
BRH:3
end_of_record
