TN:
SF:App.js
FN:13,App
FN:21,onBtnPress
FN:31,btnDisable
FNF:3
FNH:0
FNDA:0,App
FNDA:0,onBtnPress
FNDA:0,btnDisable
DA:14,0
DA:15,0
DA:16,0
DA:17,0
DA:18,0
DA:19,0
DA:22,0
DA:28,0
DA:32,0
DA:39,0
DA:41,0
DA:43,0
DA:117,0
LF:13
LH:0
BRDA:32,0,0,0
BRDA:32,0,1,0
BRDA:33,1,0,0
BRDA:33,1,1,0
BRDA:33,1,2,0
BRDA:33,1,3,0
BRDA:33,1,4,0
BRDA:83,2,0,0
BRDA:83,2,1,0
BRDA:93,3,0,0
BRDA:93,3,1,0
BRF:11
BRH:0
end_of_record
TN:
SF:components/Apphead.js
FN:7,Apphead
FN:11,(anonymous_1)
FNF:2
FNH:0
FNDA:0,Apphead
FNDA:0,(anonymous_1)
DA:5,0
DA:9,0
DA:16,0
LF:3
LH:0
BRDA:5,0,0,0
BRDA:5,0,1,0
BRF:2
BRH:0
end_of_record
TN:
SF:components/DatePicker.js
FN:7,DatePicker
FN:15,onChange
FN:23,onPressOK
FN:29,showDatePicker
FNF:4
FNH:3
FNDA:9,DatePicker
FNDA:0,onChange
FNDA:1,onPressOK
FNDA:4,showDatePicker
DA:8,9
DA:9,9
DA:10,9
DA:11,9
DA:12,9
DA:13,9
DA:16,0
DA:19,0
DA:20,0
DA:24,1
DA:25,1
DA:26,1
DA:30,4
DA:31,4
DA:35,9
DA:70,9
LF:16
LH:13
BRDA:16,0,0,0
BRDA:16,0,1,0
BRDA:18,1,0,0
BRDA:18,1,1,0
BRDA:42,2,0,9
BRDA:42,2,1,0
BRDA:43,3,0,0
BRDA:43,3,1,9
BRDA:46,4,0,0
BRDA:46,4,1,0
BRDA:46,5,0,0
BRDA:46,5,1,0
BRDA:51,6,0,9
BRDA:51,6,1,4
BRDA:54,7,0,0
BRDA:54,7,1,4
BRDA:62,8,0,9
BRDA:62,8,1,4
BRF:18
BRH:7
end_of_record
TN:
SF:components/TextInputComponent.js
FN:4,TextInputComponent
FN:12,(anonymous_1)
FNF:2
FNH:0
FNDA:0,TextInputComponent
FNDA:0,(anonymous_1)
DA:5,0
DA:8,0
DA:12,0
DA:17,0
LF:4
LH:0
BRF:0
BRH:0
end_of_record
TN:
SF:utils/calculation.js
FN:3,calculate
FN:26,checkDistance
FN:33,exceedItemSurcharge
FN:41,withValueSurcharge
FN:49,addSurcharges
FN:54,checkRushHour
FN:64,rushHourSurcharge
FNF:7
FNH:7
FNDA:4,calculate
FNDA:201,checkDistance
FNDA:6,exceedItemSurcharge
FNDA:7,withValueSurcharge
FNDA:5,addSurcharges
FNDA:5,checkRushHour
FNDA:2,rushHourSurcharge
DA:4,4
DA:6,4
DA:8,4
DA:9,1
DA:12,3
DA:13,2
DA:15,1
DA:16,1
DA:17,1
DA:18,1
DA:19,1
DA:21,0
DA:27,201
DA:28,2
DA:30,199
DA:34,6
DA:35,2
DA:36,2
DA:38,4
DA:42,7
DA:43,1
DA:44,1
DA:46,6
DA:50,5
DA:51,5
DA:55,5
DA:56,5
DA:57,5
DA:58,5
DA:59,2
DA:61,3
DA:65,2
LF:32
LH:31
BRDA:8,0,0,1
BRDA:8,0,1,3
BRDA:12,1,0,2
BRDA:12,1,1,1
BRDA:13,2,0,0
BRDA:13,2,1,2
BRDA:15,3,0,1
BRDA:15,3,1,0
BRDA:18,4,0,1
BRDA:18,4,1,0
BRDA:27,5,0,2
BRDA:27,5,1,199
BRDA:34,6,0,2
BRDA:34,6,1,4
BRDA:42,7,0,1
BRDA:42,7,1,6
BRDA:51,8,0,2
BRDA:51,8,1,3
BRDA:58,9,0,2
BRDA:58,9,1,3
BRDA:58,10,0,5
BRDA:58,10,1,2
BRDA:58,10,2,2
BRF:23
BRH:20
end_of_record
TN:
SF:utils/date.js
FN:3,formatDateTime
FNF:1
FNH:1
FNDA:2,formatDateTime
DA:4,2
DA:5,2
DA:9,2
LF:3
LH:3
BRDA:4,0,0,2
BRDA:4,0,1,0
BRDA:4,1,0,2
BRDA:4,1,1,2
BRF:4
BRH:3
end_of_record
